<?xml version="1.0" encoding="UTF-8"?>
<testsuite xmlns:xsi="http://www.w3.org/2001/XMLSchema-instance" xsi:noNamespaceSchemaLocation="https://maven.apache.org/surefire/maven-surefire-plugin/xsd/surefire-test-report.xsd" name="TestSuite" time="13.527" tests="2" errors="0" skipped="0" failures="1">
  <properties>
[...]
</properties>
  <testcase name="Testcase1" classname="gridexample.Demo1" time="11.904"/>
  <testcase name="Testcase1" classname="gridexample.Headless" time="0.061">
    <failure message="The driver executable does not exist: D:\Simplilearn_Batch\TestProjectPipeline\.\BrowserUtils\chromedriver.exe" type="java.lang.IllegalStateException">java.lang.IllegalStateException: The driver executable does not exist: D:\Simplilearn_Batch\TestProjectPipeline\.\BrowserUtils\chromedriver.exe
	at gridexample.Headless.Testcase1(Headless.java:28)
</failure>
  </testcase>
</testsuite>