-------------------------------------------------------------------------------
Test set: TestSuite
-------------------------------------------------------------------------------
Tests run: 2, Failures: 1, Errors: 0, Skipped: 0, Time elapsed: 13.527 s <<< FAILURE! - in TestSuite
Testcase1(gridexample.Headless)  Time elapsed: 0.061 s  <<< FAILURE!
java.lang.IllegalStateException: The driver executable does not exist: D:\Simplilearn_Batch\TestProjectPipeline\.\BrowserUtils\chromedriver.exe
	at gridexample.Headless.Testcase1(Headless.java:28)

